<?xml version="1.0" encoding="UTF-8"?>
<!-- Generated by org.testng.reporters.JUnitReportReporter -->
<testsuite hostname="Anubhas-MacBook-Air.local" failures="0" tests="1" name="TestRunner.CucumberTestRunner" time="16.926" errors="0" timestamp="2024-08-09T14:25:21 PDT" skipped="0">
  <testcase classname="TestRunner.CucumberTestRunner" name="runScenario" time="16.926"/>
</testsuite> <!-- TestRunner.CucumberTestRunner -->
