<?xml version="1.0" encoding="UTF-8"?>
<!-- Generated by org.testng.reporters.JUnitReportReporter -->
<testsuite hostname="Anubhas-MacBook-Air.local" failures="0" tests="1" name="TestRunner.CucumberTestRunner" time="16.180" errors="0" timestamp="2024-08-11T14:05:20 PDT" skipped="0">
  <testcase classname="TestRunner.CucumberTestRunner" name="runScenario" time="16.180"/>
</testsuite> <!-- TestRunner.CucumberTestRunner -->
